<?xml version="1.0" encoding="UTF-8"?>
<!-- Generated by org.testng.reporters.JUnitXMLReporter -->
<testsuite ignored="2" hostname="RGDevice" failures="0" tests="1" name="Surefire test" time="17.66" errors="0" timestamp="2025-11-03T17:57:06 IST">
  <testcase classname="com.automation.tests.landingpageTest" name="verify_gui_section" time="0.786"/>
  <testcase classname="com.automation.tests.landingpageTest" name="verify_widget_header" time="0.0">
    <ignored/>
  </testcase> <!-- verify_widget_header -->
  <testcase classname="com.automation.tests.landingpageTest" name="verify_page_title" time="0.0">
    <ignored/>
  </testcase> <!-- verify_page_title -->
</testsuite> <!-- Surefire test -->
