<?xml version="1.0" encoding="UTF-8"?>
<testng-results ignored="0" total="1" passed="1" failed="0" skipped="0">
  <reporter-output>
  </reporter-output>
  <suite started-at="2025-11-03T17:56:49 IST" name="Surefire suite" finished-at="2025-11-03T17:57:06 IST" duration-ms="17660">
    <groups>
    </groups>
    <test started-at="2025-11-03T17:56:49 IST" name="Surefire test" finished-at="2025-11-03T17:57:06 IST" duration-ms="17660">
      <class name="com.automation.tests.landingpageTest">
        <test-method is-config="true" signature="Initialize_Driver()[pri:0, instance:com.automation.tests.landingpageTest@1184ab05]" started-at="2025-11-03T17:56:49 IST" name="Initialize_Driver" finished-at="2025-11-03T17:57:05 IST" duration-ms="16410" status="PASS">
          <reporter-output>
          </reporter-output>
        </test-method> <!-- Initialize_Driver -->
        <test-method is-config="true" signature="setuppage()[pri:0, instance:com.automation.tests.landingpageTest@1184ab05]" started-at="2025-11-03T17:57:05 IST" name="setuppage" finished-at="2025-11-03T17:57:05 IST" duration-ms="153" status="PASS">
          <reporter-output>
          </reporter-output>
        </test-method> <!-- setuppage -->
        <test-method signature="verify_gui_section()[pri:3, instance:com.automation.tests.landingpageTest@1184ab05]" started-at="2025-11-03T17:57:05 IST" name="verify_gui_section" finished-at="2025-11-03T17:57:06 IST" duration-ms="786" status="PASS">
          <reporter-output>
          </reporter-output>
        </test-method> <!-- verify_gui_section -->
        <test-method is-config="true" signature="deactivate_driver()[pri:0, instance:com.automation.tests.landingpageTest@1184ab05]" started-at="2025-11-03T17:57:06 IST" name="deactivate_driver" finished-at="2025-11-03T17:57:06 IST" duration-ms="246" status="PASS">
          <reporter-output>
          </reporter-output>
        </test-method> <!-- deactivate_driver -->
      </class> <!-- com.automation.tests.landingpageTest -->
    </test> <!-- Surefire test -->
  </suite> <!-- Surefire suite -->
</testng-results>
